<testsuites id="" name="" tests="1" failures="1" skipped="0" errors="0" time="16.905529">
<testsuite name="playwright-test.js" timestamp="2025-07-03T06:59:34.722Z" hostname="Desktop Chrome" tests="1" failures="1" skipped="0" time="14.107" errors="0">
<testcase name="發音評估基準測試 › 基準測試 - 完整發音評估流程" classname="playwright-test.js" time="14.107">
<failure message="playwright-test.js:29:3 基準測試 - 完整發音評估流程" type="FAILURE">
<![CDATA[  [Desktop Chrome] › playwright-test.js:29:3 › 發音評估基準測試 › 基準測試 - 完整發音評估流程 ──────────────────────────

    Error: Timed out 5000ms waiting for expect(locator).toBeVisible()

    Locator: locator('button').filter({ hasText: /開始錄音|開始|Start/i }).first()
    Expected: visible
    Received: <element(s) not found>
    Call log:
      - Expect "toBeVisible" with timeout 5000ms
      - waiting for locator('button').filter({ hasText: /開始錄音|開始|Start/i }).first()


      48 |       hasText: /開始錄音|開始|Start/i 
      49 |     }).first();
    > 50 |     await expect(startButton).toBeVisible();
         |                               ^
      51 |     await startButton.click();
      52 |     console.log('✅ 點擊開始錄音按鈕');
      53 |     
        at C:\py\pronunciation\pronunciation-assessment-front\tests\playwright-test.js:50:31

    attachment #1: screenshot (image/png) ──────────────────────────────────────────────────────────
    test-results\playwright-test.js-發音評估基準測試-基準測試---完整發音評估流程-Desktop-Chrome\test-failed-1.png
    ────────────────────────────────────────────────────────────────────────────────────────────────

    attachment #2: video (video/webm) ──────────────────────────────────────────────────────────────
    test-results\playwright-test.js-發音評估基準測試-基準測試---完整發音評估流程-Desktop-Chrome\video.webm
    ────────────────────────────────────────────────────────────────────────────────────────────────

    Error Context: ..\test-results\playwright-test.js-發音評估基準測試-基準測試---完整發音評估流程-Desktop-Chrome\error-context.md

    attachment #4: trace (application/zip) ─────────────────────────────────────────────────────────
    test-results\playwright-test.js-發音評估基準測試-基準測試---完整發音評估流程-Desktop-Chrome\trace.zip
    Usage:

        npx playwright show-trace test-results\playwright-test.js-發音評估基準測試-基準測試---完整發音評估流程-Desktop-Chrome\trace.zip

    ────────────────────────────────────────────────────────────────────────────────────────────────

    Retry #1 ───────────────────────────────────────────────────────────────────────────────────────

    Error: Timed out 5000ms waiting for expect(locator).toBeVisible()

    Locator: locator('button').filter({ hasText: /開始錄音|開始|Start/i }).first()
    Expected: visible
    Received: <element(s) not found>
    Call log:
      - Expect "toBeVisible" with timeout 5000ms
      - waiting for locator('button').filter({ hasText: /開始錄音|開始|Start/i }).first()


      48 |       hasText: /開始錄音|開始|Start/i 
      49 |     }).first();
    > 50 |     await expect(startButton).toBeVisible();
         |                               ^
      51 |     await startButton.click();
      52 |     console.log('✅ 點擊開始錄音按鈕');
      53 |     
        at C:\py\pronunciation\pronunciation-assessment-front\tests\playwright-test.js:50:31

    attachment #1: screenshot (image/png) ──────────────────────────────────────────────────────────
    test-results\playwright-test.js-發音評估基準測試-基準測試---完整發音評估流程-Desktop-Chrome-retry1\test-failed-1.png
    ────────────────────────────────────────────────────────────────────────────────────────────────

    attachment #2: video (video/webm) ──────────────────────────────────────────────────────────────
    test-results\playwright-test.js-發音評估基準測試-基準測試---完整發音評估流程-Desktop-Chrome-retry1\video.webm
    ────────────────────────────────────────────────────────────────────────────────────────────────

    Error Context: ..\test-results\playwright-test.js-發音評估基準測試-基準測試---完整發音評估流程-Desktop-Chrome-retry1\error-context.md

    attachment #4: trace (application/zip) ─────────────────────────────────────────────────────────
    test-results\playwright-test.js-發音評估基準測試-基準測試---完整發音評估流程-Desktop-Chrome-retry1\trace.zip
    Usage:

        npx playwright show-trace test-results\playwright-test.js-發音評估基準測試-基準測試---完整發音評估流程-Desktop-Chrome-retry1\trace.zip

    ────────────────────────────────────────────────────────────────────────────────────────────────
]]>
</failure>
<system-out>
<![CDATA[🚀 開始基準測試 - 完整發音評估流程
✅ 頁面載入成功
✅ 測試文字輸入完成

[[ATTACHMENT|test-results\playwright-test.js-發音評估基準測試-基準測試---完整發音評估流程-Desktop-Chrome\test-failed-1.png]]

[[ATTACHMENT|test-results\playwright-test.js-發音評估基準測試-基準測試---完整發音評估流程-Desktop-Chrome\video.webm]]

[[ATTACHMENT|test-results\playwright-test.js-發音評估基準測試-基準測試---完整發音評估流程-Desktop-Chrome\error-context.md]]

[[ATTACHMENT|test-results\playwright-test.js-發音評估基準測試-基準測試---完整發音評估流程-Desktop-Chrome\trace.zip]]
🚀 開始基準測試 - 完整發音評估流程
✅ 頁面載入成功
✅ 測試文字輸入完成

[[ATTACHMENT|test-results\playwright-test.js-發音評估基準測試-基準測試---完整發音評估流程-Desktop-Chrome-retry1\test-failed-1.png]]

[[ATTACHMENT|test-results\playwright-test.js-發音評估基準測試-基準測試---完整發音評估流程-Desktop-Chrome-retry1\video.webm]]

[[ATTACHMENT|test-results\playwright-test.js-發音評估基準測試-基準測試---完整發音評估流程-Desktop-Chrome-retry1\error-context.md]]

[[ATTACHMENT|test-results\playwright-test.js-發音評估基準測試-基準測試---完整發音評估流程-Desktop-Chrome-retry1\trace.zip]]
]]>
</system-out>
</testcase>
</testsuite>
</testsuites>