<testsuites id="" name="" tests="1" failures="0" skipped="0" errors="0" time="24.484904000000004">
<testsuite name="url-login-test.js" timestamp="2025-07-03T14:44:46.294Z" hostname="Desktop Chrome" tests="1" failures="0" skipped="0" time="16.206" errors="0">
<testcase name="URL 登入測試 › 測試 URL 參數自動登入" classname="url-login-test.js" time="16.206">
<system-out>
<![CDATA[📋 測試檢查清單：
   ✅ URL 參數自動登入
   ✅ 我的最愛功能（新增/修改/刪除）
   ❌ 標籤功能（新增/修改/刪除）
   ❌ 分享功能
   ❌ AI 造句功能

🔑 開始測試 URL 參數自動登入...
🌐 導航到登入 URL: http://localhost:3000/?loginUser=test%40test.com&pwd=test0123
⏳ 等待登入處理...
📊 測試結果:
   - 登入狀態: ✅ 已登入
   - 當前 URL: http://localhost:3000/
✅ URL 登入成功！
💾 認證狀態已保存到 .auth/user.json
📊 認證統計：
  - Cookies: 2 個
  - LocalStorage: 1 個域名
⭐ 測試我的最愛功能...
📝 測試文字: "Hello world test 07/03 下午10:44:52"
   📝 新增我的最愛句子...
   ✅ 新增我的最愛句子完成
   📋 檢查我的最愛列表...
   📊 我的最愛列表項目數: 1
   ✏️ 測試編輯我的最愛...
   ✅ 編輯我的最愛完成
   🗑️ 測試刪除我的最愛...
   ✅ 刪除我的最愛完成
   ✅ 我的最愛功能測試完成
⏭️ 跳過標籤功能測試
⏭️ 跳過分享功能測試
⏭️ 跳過AI產出句子功能測試
📸 進行快照測試和比對...
📸 開始快照測試和比對流程...
🧹 完全清空所有數據以確保乾淨狀態...
   🧹 開始清空所有數據...
   📝 清空發音評分textarea...
   ✅ 發音評分textarea已清空
   🤖 清空AI造句幫手textarea...
   ⭐ 清空我的最愛數據...
   ✅ 我的最愛已經是空的，無需清空
   🏷️ 清空標籤數據...
   🏷️ 開始清空標籤數據...
   ✅ 標籤數據已清空（刪除了 0 個標籤）
   ✅ 所有數據清空完成
📸 拍攝清空後的主頁面快照...
✅ 清空後的主頁面快照完成
📸 拍攝清空後的我的最愛頁面快照...
✅ 清空後的我的最愛頁面快照完成
🔍 進行快照比對驗證...
   ✅ 快照文件已生成，Playwright 將自動進行比對
   📋 如果快照有差異，測試將會失敗並顯示差異
   📁 快照文件位置: tests/url-login-test.js-snapshots/
✅ 快照測試和比對完成
🏁 URL 登入測試完成
]]>
</system-out>
</testcase>
</testsuite>
</testsuites>