<testsuites id="" name="" tests="6" failures="3" skipped="0" errors="0" time="25.139675000000004">
<testsuite name="url-login-test.js" timestamp="2025-07-03T12:10:31.846Z" hostname="Desktop Chrome" tests="1" failures="0" skipped="0" time="22.335" errors="0">
<testcase name="URL 登入測試 › 測試 URL 參數自動登入" classname="url-login-test.js" time="22.335">
<system-out>
<![CDATA[📋 測試檢查清單：
   ✅ URL 參數自動登入
   ❌ 我的最愛功能（新增/修改/刪除）
   ❌ 標籤功能（新增/修改/刪除）
   ✅ 分享功能
   ✅ AI 造句功能

🔑 開始測試 URL 參數自動登入...
🌐 導航到登入 URL: http://localhost:3000/?loginUser=test%40test.com&pwd=test0123
⏳ 等待登入處理...
📊 測試結果:
   - 登入狀態: ✅ 已登入
   - 當前 URL: http://localhost:3000/
✅ URL 登入成功！
💾 認證狀態已保存到 .auth/user.json
📊 認證統計：
  - Cookies: 2 個
  - LocalStorage: 1 個域名
⏭️ 跳過我的最愛功能測試
⏭️ 跳過標籤功能測試
🔗 測試分享功能...
   🔗 開始分享功能測試...
   ✅ 新增測試句子完成
   📂 切換到分享與備份頁面...
   ✅ 切換到分享與備份頁面
   📤 測試分享功能...
   ✅ 點擊分享按鈕
   ✅ 分享結果顯示
   📋 測試導出JSON功能...
   ✅ 點擊導出按鈕
   ✅ 分享功能測試完成
🤖 測試AI產出句子功能...
   🤖 開始AI產出句子功能測試...
   📊 記錄我的最愛初始數量...
   📋 我的最愛初始數量: 0
   🔍 切換到 AI 造句幫手標籤頁...
   ✅ 切換到 AI 造句幫手標籤頁
   💡 測試範例提示...
   📝 輸入AI生成指令...
   ✅ 輸入提示詞: "生成三個高中生應該會的英文句子"
   🚀 測試AI生成功能...
   ✅ 點擊AI生成按鈕
   ✅ AI回應顯示
   ⭐ 測試新增AI句子到收藏...
   ⚠️ 未找到新增收藏按鈕
   📊 檢查我的最愛數量變化...
   📋 我的最愛當前數量: 0
   📋 我的最愛初始數量: 0
   ⚠️ 我的最愛數量沒有變化，AI句子可能沒有自動添加
   ✅ AI產出句子功能測試完成
🏁 URL 登入測試完成
]]>
</system-out>
</testcase>
</testsuite>
<testsuite name="url-login-test.js" timestamp="2025-07-03T12:10:31.846Z" hostname="Desktop Firefox" tests="1" failures="1" skipped="0" time="0.005" errors="0">
<testcase name="URL 登入測試 › 測試 URL 參數自動登入" classname="url-login-test.js" time="0.005">
<failure message="url-login-test.js:14:3 測試 URL 參數自動登入" type="FAILURE">
<![CDATA[  [Desktop Firefox] › url-login-test.js:14:3 › URL 登入測試 › 測試 URL 參數自動登入 ────────────────────────────

    Error: browserType.launch: Executable doesn't exist at C:\Users\dream\AppData\Local\ms-playwright\firefox-1488\firefox\firefox.exe
    ╔═════════════════════════════════════════════════════════════════════════╗
    ║ Looks like Playwright Test or Playwright was just installed or updated. ║
    ║ Please run the following command to download new browsers:              ║
    ║                                                                         ║
    ║     npx playwright install                                              ║
    ║                                                                         ║
    ║ <3 Playwright Team                                                      ║
    ╚═════════════════════════════════════════════════════════════════════════╝

    attachment #1: trace (application/zip) ─────────────────────────────────────────────────────────
    test-results\url-login-test.js-URL-登入測試-測試-URL-參數自動登入-Desktop-Firefox\trace.zip
    Usage:

        npx playwright show-trace test-results\url-login-test.js-URL-登入測試-測試-URL-參數自動登入-Desktop-Firefox\trace.zip

    ────────────────────────────────────────────────────────────────────────────────────────────────

    Retry #1 ───────────────────────────────────────────────────────────────────────────────────────

    Error: browserType.launch: Executable doesn't exist at C:\Users\dream\AppData\Local\ms-playwright\firefox-1488\firefox\firefox.exe
    ╔═════════════════════════════════════════════════════════════════════════╗
    ║ Looks like Playwright Test or Playwright was just installed or updated. ║
    ║ Please run the following command to download new browsers:              ║
    ║                                                                         ║
    ║     npx playwright install                                              ║
    ║                                                                         ║
    ║ <3 Playwright Team                                                      ║
    ╚═════════════════════════════════════════════════════════════════════════╝

    attachment #1: trace (application/zip) ─────────────────────────────────────────────────────────
    test-results\url-login-test.js-URL-登入測試-測試-URL-參數自動登入-Desktop-Firefox-retry1\trace.zip
    Usage:

        npx playwright show-trace test-results\url-login-test.js-URL-登入測試-測試-URL-參數自動登入-Desktop-Firefox-retry1\trace.zip

    ────────────────────────────────────────────────────────────────────────────────────────────────
]]>
</failure>
<system-out>
<![CDATA[
[[ATTACHMENT|test-results\url-login-test.js-URL-登入測試-測試-URL-參數自動登入-Desktop-Firefox\trace.zip]]

[[ATTACHMENT|test-results\url-login-test.js-URL-登入測試-測試-URL-參數自動登入-Desktop-Firefox-retry1\trace.zip]]
]]>
</system-out>
</testcase>
</testsuite>
<testsuite name="url-login-test.js" timestamp="2025-07-03T12:10:31.846Z" hostname="Desktop Safari" tests="1" failures="1" skipped="0" time="0.013" errors="0">
<testcase name="URL 登入測試 › 測試 URL 參數自動登入" classname="url-login-test.js" time="0.013">
<failure message="url-login-test.js:14:3 測試 URL 參數自動登入" type="FAILURE">
<![CDATA[  [Desktop Safari] › url-login-test.js:14:3 › URL 登入測試 › 測試 URL 參數自動登入 ─────────────────────────────

    Error: browserType.launch: Executable doesn't exist at C:\Users\dream\AppData\Local\ms-playwright\webkit-2182\Playwright.exe
    ╔═════════════════════════════════════════════════════════════════════════╗
    ║ Looks like Playwright Test or Playwright was just installed or updated. ║
    ║ Please run the following command to download new browsers:              ║
    ║                                                                         ║
    ║     npx playwright install                                              ║
    ║                                                                         ║
    ║ <3 Playwright Team                                                      ║
    ╚═════════════════════════════════════════════════════════════════════════╝

    attachment #1: trace (application/zip) ─────────────────────────────────────────────────────────
    test-results\url-login-test.js-URL-登入測試-測試-URL-參數自動登入-Desktop-Safari\trace.zip
    Usage:

        npx playwright show-trace test-results\url-login-test.js-URL-登入測試-測試-URL-參數自動登入-Desktop-Safari\trace.zip

    ────────────────────────────────────────────────────────────────────────────────────────────────

    Retry #1 ───────────────────────────────────────────────────────────────────────────────────────

    Error: browserType.launch: Executable doesn't exist at C:\Users\dream\AppData\Local\ms-playwright\webkit-2182\Playwright.exe
    ╔═════════════════════════════════════════════════════════════════════════╗
    ║ Looks like Playwright Test or Playwright was just installed or updated. ║
    ║ Please run the following command to download new browsers:              ║
    ║                                                                         ║
    ║     npx playwright install                                              ║
    ║                                                                         ║
    ║ <3 Playwright Team                                                      ║
    ╚═════════════════════════════════════════════════════════════════════════╝

    attachment #1: trace (application/zip) ─────────────────────────────────────────────────────────
    test-results\url-login-test.js-URL-登入測試-測試-URL-參數自動登入-Desktop-Safari-retry1\trace.zip
    Usage:

        npx playwright show-trace test-results\url-login-test.js-URL-登入測試-測試-URL-參數自動登入-Desktop-Safari-retry1\trace.zip

    ────────────────────────────────────────────────────────────────────────────────────────────────
]]>
</failure>
<system-out>
<![CDATA[
[[ATTACHMENT|test-results\url-login-test.js-URL-登入測試-測試-URL-參數自動登入-Desktop-Safari\trace.zip]]

[[ATTACHMENT|test-results\url-login-test.js-URL-登入測試-測試-URL-參數自動登入-Desktop-Safari-retry1\trace.zip]]
]]>
</system-out>
</testcase>
</testsuite>
<testsuite name="url-login-test.js" timestamp="2025-07-03T12:10:31.846Z" hostname="Mobile Chrome" tests="1" failures="0" skipped="0" time="22.773" errors="0">
<testcase name="URL 登入測試 › 測試 URL 參數自動登入" classname="url-login-test.js" time="22.773">
<system-out>
<![CDATA[📋 測試檢查清單：
   ✅ URL 參數自動登入
   ❌ 我的最愛功能（新增/修改/刪除）
   ❌ 標籤功能（新增/修改/刪除）
   ✅ 分享功能
   ✅ AI 造句功能

🔑 開始測試 URL 參數自動登入...
🌐 導航到登入 URL: http://localhost:3000/?loginUser=test%40test.com&pwd=test0123
⏳ 等待登入處理...
📊 測試結果:
   - 登入狀態: ✅ 已登入
   - 當前 URL: http://localhost:3000/
✅ URL 登入成功！
💾 認證狀態已保存到 .auth/user.json
📊 認證統計：
  - Cookies: 2 個
  - LocalStorage: 1 個域名
⏭️ 跳過我的最愛功能測試
⏭️ 跳過標籤功能測試
🔗 測試分享功能...
   🔗 開始分享功能測試...
   ✅ 新增測試句子完成
   📂 切換到分享與備份頁面...
   ✅ 切換到分享與備份頁面
   📤 測試分享功能...
   ✅ 點擊分享按鈕
   ✅ 分享結果顯示
   📋 測試導出JSON功能...
   ✅ 點擊導出按鈕
   ✅ 分享功能測試完成
🤖 測試AI產出句子功能...
   🤖 開始AI產出句子功能測試...
   📊 記錄我的最愛初始數量...
   📋 我的最愛初始數量: 0
   🔍 切換到 AI 造句幫手標籤頁...
   ✅ 切換到 AI 造句幫手標籤頁
   💡 測試範例提示...
   📝 輸入AI生成指令...
   ✅ 輸入提示詞: "生成三個高中生應該會的英文句子"
   🚀 測試AI生成功能...
   ✅ 點擊AI生成按鈕
   ✅ AI回應顯示
   ⭐ 測試新增AI句子到收藏...
   ⚠️ 未找到新增收藏按鈕
   📊 檢查我的最愛數量變化...
   📋 我的最愛當前數量: 0
   📋 我的最愛初始數量: 0
   ⚠️ 我的最愛數量沒有變化，AI句子可能沒有自動添加
   ✅ AI產出句子功能測試完成
🏁 URL 登入測試完成
]]>
</system-out>
</testcase>
</testsuite>
<testsuite name="url-login-test.js" timestamp="2025-07-03T12:10:31.846Z" hostname="Mobile Safari" tests="1" failures="1" skipped="0" time="0.006" errors="0">
<testcase name="URL 登入測試 › 測試 URL 參數自動登入" classname="url-login-test.js" time="0.006">
<failure message="url-login-test.js:14:3 測試 URL 參數自動登入" type="FAILURE">
<![CDATA[  [Mobile Safari] › url-login-test.js:14:3 › URL 登入測試 › 測試 URL 參數自動登入 ──────────────────────────────

    Error: browserType.launch: Executable doesn't exist at C:\Users\dream\AppData\Local\ms-playwright\webkit-2182\Playwright.exe
    ╔═════════════════════════════════════════════════════════════════════════╗
    ║ Looks like Playwright Test or Playwright was just installed or updated. ║
    ║ Please run the following command to download new browsers:              ║
    ║                                                                         ║
    ║     npx playwright install                                              ║
    ║                                                                         ║
    ║ <3 Playwright Team                                                      ║
    ╚═════════════════════════════════════════════════════════════════════════╝

    attachment #1: trace (application/zip) ─────────────────────────────────────────────────────────
    test-results\url-login-test.js-URL-登入測試-測試-URL-參數自動登入-Mobile-Safari\trace.zip
    Usage:

        npx playwright show-trace test-results\url-login-test.js-URL-登入測試-測試-URL-參數自動登入-Mobile-Safari\trace.zip

    ────────────────────────────────────────────────────────────────────────────────────────────────

    Retry #1 ───────────────────────────────────────────────────────────────────────────────────────

    Error: browserType.launch: Executable doesn't exist at C:\Users\dream\AppData\Local\ms-playwright\webkit-2182\Playwright.exe
    ╔═════════════════════════════════════════════════════════════════════════╗
    ║ Looks like Playwright Test or Playwright was just installed or updated. ║
    ║ Please run the following command to download new browsers:              ║
    ║                                                                         ║
    ║     npx playwright install                                              ║
    ║                                                                         ║
    ║ <3 Playwright Team                                                      ║
    ╚═════════════════════════════════════════════════════════════════════════╝

    attachment #1: trace (application/zip) ─────────────────────────────────────────────────────────
    test-results\url-login-test.js-URL-登入測試-測試-URL-參數自動登入-Mobile-Safari-retry1\trace.zip
    Usage:

        npx playwright show-trace test-results\url-login-test.js-URL-登入測試-測試-URL-參數自動登入-Mobile-Safari-retry1\trace.zip

    ────────────────────────────────────────────────────────────────────────────────────────────────
]]>
</failure>
<system-out>
<![CDATA[
[[ATTACHMENT|test-results\url-login-test.js-URL-登入測試-測試-URL-參數自動登入-Mobile-Safari\trace.zip]]

[[ATTACHMENT|test-results\url-login-test.js-URL-登入測試-測試-URL-參數自動登入-Mobile-Safari-retry1\trace.zip]]
]]>
</system-out>
</testcase>
</testsuite>
<testsuite name="url-login-test.js" timestamp="2025-07-03T12:10:31.846Z" hostname="Tablet" tests="1" failures="0" skipped="0" time="22.276" errors="0">
<testcase name="URL 登入測試 › 測試 URL 參數自動登入" classname="url-login-test.js" time="22.276">
<system-out>
<![CDATA[📋 測試檢查清單：
   ✅ URL 參數自動登入
   ❌ 我的最愛功能（新增/修改/刪除）
   ❌ 標籤功能（新增/修改/刪除）
   ✅ 分享功能
   ✅ AI 造句功能

🔑 開始測試 URL 參數自動登入...
🌐 導航到登入 URL: http://localhost:3000/?loginUser=test%40test.com&pwd=test0123
⏳ 等待登入處理...
📊 測試結果:
   - 登入狀態: ✅ 已登入
   - 當前 URL: http://localhost:3000/
✅ URL 登入成功！
💾 認證狀態已保存到 .auth/user.json
📊 認證統計：
  - Cookies: 2 個
  - LocalStorage: 1 個域名
⏭️ 跳過我的最愛功能測試
⏭️ 跳過標籤功能測試
🔗 測試分享功能...
   🔗 開始分享功能測試...
   ✅ 新增測試句子完成
   📂 切換到分享與備份頁面...
   ✅ 切換到分享與備份頁面
   📤 測試分享功能...
   ✅ 點擊分享按鈕
   ✅ 分享結果顯示
   📋 測試導出JSON功能...
   ✅ 點擊導出按鈕
   ✅ 分享功能測試完成
🤖 測試AI產出句子功能...
   🤖 開始AI產出句子功能測試...
   📊 記錄我的最愛初始數量...
   📋 我的最愛初始數量: 0
   🔍 切換到 AI 造句幫手標籤頁...
   ✅ 切換到 AI 造句幫手標籤頁
   💡 測試範例提示...
   📝 輸入AI生成指令...
   ✅ 輸入提示詞: "生成三個高中生應該會的英文句子"
   🚀 測試AI生成功能...
   ✅ 點擊AI生成按鈕
   ✅ AI回應顯示
   ⭐ 測試新增AI句子到收藏...
   ⚠️ 未找到新增收藏按鈕
   📊 檢查我的最愛數量變化...
   📋 我的最愛當前數量: 0
   📋 我的最愛初始數量: 0
   ⚠️ 我的最愛數量沒有變化，AI句子可能沒有自動添加
   ✅ AI產出句子功能測試完成
🏁 URL 登入測試完成
]]>
</system-out>
</testcase>
</testsuite>
</testsuites>